c:\projects\msvc\usb_gen_v2_qt\usb_gen_v2_qt\release\qrc_usb_gen_v2_qt.obj
c:\projects\msvc\usb_gen_v2_qt\usb_gen_v2_qt\release\usb_gen_v2_qt.obj
c:\projects\msvc\usb_gen_v2_qt\usb_gen_v2_qt\release\main.obj
c:\projects\msvc\usb_gen_v2_qt\usb_gen_v2_qt\release\moc_usb_gen_v2_qt.obj
c:\projects\msvc\usb_gen_v2_qt\usb_gen_v2_qt\generatedfiles\release\moc_usb_gen_v2_qt.cpp
c:\projects\msvc\usb_gen_v2_qt\usb_gen_v2_qt\generatedfiles\ui_usb_gen_v2_qt.h
c:\projects\msvc\usb_gen_v2_qt\usb_gen_v2_qt\generatedfiles\qrc_usb_gen_v2_qt.cpp
c:\projects\msvc\usb_gen_v2_qt\win32\release\usb_gen_v2_qt.exe
c:\projects\msvc\usb_gen_v2_qt\usb_gen_v2_qt\release\usb_gen_v2_qt.res
c:\projects\msvc\usb_gen_v2_qt\usb_gen_v2_qt\release\usb_gen_v2_qt.tlog\cl.command.1.tlog
c:\projects\msvc\usb_gen_v2_qt\usb_gen_v2_qt\release\usb_gen_v2_qt.tlog\cl.read.1.tlog
c:\projects\msvc\usb_gen_v2_qt\usb_gen_v2_qt\release\usb_gen_v2_qt.tlog\cl.write.1.tlog
c:\projects\msvc\usb_gen_v2_qt\usb_gen_v2_qt\release\usb_gen_v2_qt.tlog\custombuild.command.1.tlog
c:\projects\msvc\usb_gen_v2_qt\usb_gen_v2_qt\release\usb_gen_v2_qt.tlog\custombuild.read.1.tlog
c:\projects\msvc\usb_gen_v2_qt\usb_gen_v2_qt\release\usb_gen_v2_qt.tlog\custombuild.write.1.tlog
c:\projects\msvc\usb_gen_v2_qt\usb_gen_v2_qt\release\usb_gen_v2_qt.tlog\link.command.1.tlog
c:\projects\msvc\usb_gen_v2_qt\usb_gen_v2_qt\release\usb_gen_v2_qt.tlog\link.read.1.tlog
c:\projects\msvc\usb_gen_v2_qt\usb_gen_v2_qt\release\usb_gen_v2_qt.tlog\link.write.1.tlog
c:\projects\msvc\usb_gen_v2_qt\usb_gen_v2_qt\release\usb_gen_v2_qt.tlog\rc.command.1.tlog
c:\projects\msvc\usb_gen_v2_qt\usb_gen_v2_qt\release\usb_gen_v2_qt.tlog\rc.read.1.tlog
c:\projects\msvc\usb_gen_v2_qt\usb_gen_v2_qt\release\usb_gen_v2_qt.tlog\rc.write.1.tlog
